---==[ error occurred at Tue Jul 28 10:12:46 1998 ]==---
player  : no active player [last verb: no verb]
object  : 0
error   : *Bad argument 1 to query_idle()
Expected: object Got: 0.
program : global/player.c
file    : global/player.c at line 1075
   ------------------------------------
   object   : 0
   function : heart_beat
   program  : global/player.c
   file     : global/player.c at line 1075


---==[ error occurred at Tue Jul 28 15:37:44 1998 ]==---
player  : no active player [last verb: no verb]
object  : 0
error   : *Bad argument 1 to query_idle()
Expected: object Got: 0.
program : global/player.c
file    : global/player.c at line 1075
   ------------------------------------
   object   : 0
   function : heart_beat
   program  : global/player.c
   file     : global/player.c at line 1075


---==[ error occurred at Tue Jul 28 21:33:39 1998 ]==---
player  : no active player [last verb: no verb]
object  : 0
error   : *Bad argument 1 to query_idle()
Expected: object Got: 0.
program : global/player.c
file    : global/player.c at line 1075
   ------------------------------------
   object   : 0
   function : heart_beat
   program  : global/player.c
   file     : global/player.c at line 1075


---==[ error occurred at Sun Aug  9 11:26:29 1998 ]==---
player  : no active player [last verb: no verb]
object  : 0
error   : *Bad argument 1 to query_idle()
Expected: object Got: 0.
program : global/player.c
file    : global/player.c at line 1075
   ------------------------------------
   object   : 0
   function : heart_beat
   program  : global/player.c
   file     : global/player.c at line 1075


---==[ error occurred at Sun Aug  9 20:37:11 1998 ]==---
player  : no active player [last verb: no verb]
object  : 0
error   : *Bad argument 1 to query_idle()
Expected: object Got: 0.
program : global/player.c
file    : global/player.c at line 1075
   ------------------------------------
   object   : 0
   function : heart_beat
   program  : global/player.c
   file     : global/player.c at line 1075


---==[ error occurred at Sat Aug 15 03:19:26 1998 ]==---
player  : no active player [last verb: no verb]
object  : 0
error   : *Bad argument 1 to query_idle()
Expected: object Got: 0.
program : global/player.c
file    : global/player.c at line 1075
   ------------------------------------
   object   : 0
   function : heart_beat
   program  : global/player.c
   file     : global/player.c at line 1075


---==[ error occurred at Fri Aug 21 04:54:00 1998 ]==---
player  : no active player [last verb: no verb]
object  : 0
error   : *Bad argument 1 to query_idle()
Expected: object Got: 0.
program : global/player.c
file    : global/player.c at line 1075
   ------------------------------------
   object   : 0
   function : heart_beat
   program  : global/player.c
   file     : global/player.c at line 1075


---==[ error occurred at Sat Aug 22 00:48:56 1998 ]==---
player  : no active player [last verb: no verb]
object  : 0
error   : *Bad argument 1 to query_idle()
Expected: object Got: 0.
program : global/player.c
file    : global/player.c at line 1075
   ------------------------------------
   object   : 0
   function : heart_beat
   program  : global/player.c
   file     : global/player.c at line 1075


---==[ error occurred at Sat Aug 29 04:57:36 1998 ]==---
player  : no active player [last verb: no verb]
object  : 0
error   : *Bad argument 1 to call_other()
Expected: string or array or object Got: 0.
program : std/living/action_queue.c
file    : std/living/action_queue.c at line 423
   ------------------------------------
   object   : 0
   function : perform_next_action
   program  : std/living/action_queue.c
   file     : std/living/action_queue.c at line 423
   ------------------------------------
   object   : 0
   function : act
   program  : std/living/action_queue.c
   file     : std/living/action_queue.c at line 527
   ------------------------------------
   object   : 0
   function : heart_beat
   program  : global/player.c
   file     : global/player.c at line 1011


---==[ error occurred at Thu Sep  3 15:26:11 1998 ]==---
player  : no active player [last verb: no verb]
object  : 0
error   : *Bad argument 1 to query_idle()
Expected: object Got: 0.
program : global/player.c
file    : global/player.c at line 1075
   ------------------------------------
   object   : 0
   function : heart_beat
   program  : global/player.c
   file     : global/player.c at line 1075


---==[ error occurred at Sun Sep  6 13:59:51 1998 ]==---
player  : no active player [last verb: no verb]
object  : 0
error   : *Bad argument 1 to query_idle()
Expected: object Got: 0.
program : global/player.c
file    : global/player.c at line 1075
   ------------------------------------
   object   : 0
   function : heart_beat
   program  : global/player.c
   file     : global/player.c at line 1075


---==[ error occurred at Fri Sep 11 22:11:50 1998 ]==---
player  : no active player [last verb: no verb]
object  : 0
error   : *Bad argument 1 to query_idle()
Expected: object Got: 0.
program : global/player.c
file    : global/player.c at line 1075
   ------------------------------------
   object   : 0
   function : heart_beat
   program  : global/player.c
   file     : global/player.c at line 1075


---==[ error occurred at Fri Sep 11 22:18:23 1998 ]==---
player  : no active player [last verb: no verb]
object  : 0
error   : *Bad argument 1 to query_idle()
Expected: object Got: 0.
program : global/player.c
file    : global/player.c at line 1075
   ------------------------------------
   object   : 0
   function : heart_beat
   program  : global/player.c
   file     : global/player.c at line 1075


---==[ error occurred at Sat Sep 12 17:52:57 1998 ]==---
player  : no active player [last verb: no verb]
object  : 0
error   : *Bad argument 1 to query_idle()
Expected: object Got: 0.
program : global/player.c
file    : global/player.c at line 1075
   ------------------------------------
   object   : 0
   function : heart_beat
   program  : global/player.c
   file     : global/player.c at line 1075


---==[ error occurred at Thu Sep 17 23:55:07 1998 ]==---
player  : no active player [last verb: no verb]
object  : 0
error   : *Bad argument 1 to query_idle()
Expected: object Got: 0.
program : global/player.c
file    : global/player.c at line 1075
   ------------------------------------
   object   : 0
   function : heart_beat
   program  : global/player.c
   file     : global/player.c at line 1075


---==[ error occurred at Thu Sep 24 22:20:05 1998 ]==---
player  : no active player [last verb: no verb]
object  : 0
error   : *Bad argument 1 to query_idle()
Expected: object Got: 0.
program : global/player.c
file    : global/player.c at line 1075
   ------------------------------------
   object   : 0
   function : heart_beat
   program  : global/player.c
   file     : global/player.c at line 1075


---==[ error occurred at Fri Sep 25 01:54:49 1998 ]==---
player  : no active player [last verb: no verb]
object  : 0
error   : *Bad argument 1 to call_other()
Expected: string or array or object Got: 0.
program : std/living/action_queue.c
file    : std/living/action_queue.c at line 423
   ------------------------------------
   object   : 0
   function : perform_next_action
   program  : std/living/action_queue.c
   file     : std/living/action_queue.c at line 423
   ------------------------------------
   object   : 0
   function : act
   program  : std/living/action_queue.c
   file     : std/living/action_queue.c at line 527
   ------------------------------------
   object   : 0
   function : heart_beat
   program  : global/player.c
   file     : global/player.c at line 1011


---==[ error occurred at Tue Sep 29 11:57:22 1998 ]==---
player  : no active player [last verb: no verb]
object  : 0
error   : *Bad argument 1 to query_idle()
Expected: object Got: 0.
program : global/player.c
file    : global/player.c at line 1075
   ------------------------------------
   object   : 0
   function : heart_beat
   program  : global/player.c
   file     : global/player.c at line 1075


---==[ error occurred at Sun Oct  4 16:58:02 1998 ]==---
player  : no active player [last verb: no verb]
object  : 0
error   : *Bad argument 1 to query_idle()
Expected: object Got: 0.
program : global/player.c
file    : global/player.c at line 1075
   ------------------------------------
   object   : 0
   function : heart_beat
   program  : global/player.c
   file     : global/player.c at line 1075


---==[ error occurred at Tue Oct  6 01:17:54 1998 ]==---
player  : no active player [last verb: no verb]
object  : 0
error   : *Bad argument 1 to query_idle()
Expected: object Got: 0.
program : global/player.c
file    : global/player.c at line 1075
   ------------------------------------
   object   : 0
   function : heart_beat
   program  : global/player.c
   file     : global/player.c at line 1075


---==[ error occurred at Wed Oct  7 20:16:20 1998 ]==---
player  : no active player [last verb: no verb]
object  : 0
error   : *Bad argument 1 to query_idle()
Expected: object Got: 0.
program : global/player.c
file    : global/player.c at line 1075
   ------------------------------------
   object   : 0
   function : heart_beat
   program  : global/player.c
   file     : global/player.c at line 1075


---==[ error occurred at Thu Oct 15 12:33:11 1998 ]==---
player  : no active player [last verb: no verb]
object  : 0
error   : *Bad argument 1 to query_idle()
Expected: object Got: 0.
program : global/player.c
file    : global/player.c at line 1075
   ------------------------------------
   object   : 0
   function : heart_beat
   program  : global/player.c
   file     : global/player.c at line 1075


---==[ error occurred at Wed Oct 21 17:09:53 1998 ]==---
player  : no active player [last verb: no verb]
object  : 0
error   : *Bad argument 1 to query_idle()
Expected: object Got: 0.
program : global/player.c
file    : global/player.c at line 1075
   ------------------------------------
   object   : 0
   function : heart_beat
   program  : global/player.c
   file     : global/player.c at line 1075


---==[ error occurred at Thu Nov  5 19:59:39 1998 ]==---
player  : no active player [last verb: no verb]
object  : 0
error   : *Bad argument 1 to query_idle()
Expected: object Got: 0.
program : global/player.c
file    : global/player.c at line 1075
   ------------------------------------
   object   : 0
   function : heart_beat
   program  : global/player.c
   file     : global/player.c at line 1075


---==[ error occurred at Mon Nov  9 05:06:46 1998 ]==---
player  : no active player [last verb: no verb]
object  : 0
error   : *Bad argument 1 to query_idle()
Expected: object Got: 0.
program : global/player.c
file    : global/player.c at line 1075
   ------------------------------------
   object   : 0
   function : heart_beat
   program  : global/player.c
   file     : global/player.c at line 1075


---==[ error occurred at Mon Nov  9 21:04:45 1998 ]==---
player  : no active player [last verb: no verb]
object  : 0
error   : *Bad argument 1 to query_idle()
Expected: object Got: 0.
program : global/player.c
file    : global/player.c at line 1075
   ------------------------------------
   object   : 0
   function : heart_beat
   program  : global/player.c
   file     : global/player.c at line 1075


---==[ error occurred at Mon Nov  9 23:21:19 1998 ]==---
player  : no active player [last verb: no verb]
object  : 0
error   : *Bad argument 1 to query_idle()
Expected: object Got: 0.
program : global/player.c
file    : global/player.c at line 1075
   ------------------------------------
   object   : 0
   function : heart_beat
   program  : global/player.c
   file     : global/player.c at line 1075


---==[ error occurred at Tue Nov 10 14:17:51 1998 ]==---
player  : no active player [last verb: no verb]
object  : 0
error   : *Bad argument 1 to query_idle()
Expected: object Got: 0.
program : global/player.c
file    : global/player.c at line 1075
   ------------------------------------
   object   : 0
   function : heart_beat
   program  : global/player.c
   file     : global/player.c at line 1075


