---==[ error occurred at Sun Jul 26 16:03:38 1998 ]==---
player  : no active player [last verb: no verb]
object  : /secure/master
error   : *Wrong permissions for opening file /FR:Illumitech/log/root.log for append.
"No such file or directory"
program : secure/master.c
file    : secure/master/logging.c at line 64
   ------------------------------------
   object   : /secure/master
   function : log_error
   arguments: "/global/events.c", "/global/events.c line 74: Warning: /* found in comment. before   if(margin) return 
",
   program  : secure/master.c
   file     : secure/master/logging.c at line 64
   ------------------------------------
   object   : /secure/master
   function : CATCH
   program  : secure/master.c
   file     : secure/master/preload.c at line 88
   ------------------------------------
   object   : /secure/master
   function : preload
   arguments: "/global/player",
   program  : secure/master.c
   file     : secure/master/preload.c at line 88


---==[ error occurred at Sun Jul 26 16:03:38 1998 ]==---
player  : no active player [last verb: no verb]
object  : /secure/master
error   : *Wrong permissions for opening file /FR:Illumitech/log/root.log for append.
"No such file or directory"
program : secure/master.c
file    : secure/master/logging.c at line 64
   ------------------------------------
   object   : /secure/master
   function : log_error
   arguments: "/std/smart_log.c", "/std/smart_log.c line 39: Warning: Unused local variable 'junk' before the end of line
",
   program  : secure/master.c
   file     : secure/master/logging.c at line 64
   ------------------------------------
   object   : /secure/master
   function : CATCH
   program  : secure/master.c
   file     : secure/master/preload.c at line 88
   ------------------------------------
   object   : /secure/master
   function : preload
   arguments: "/global/player",
   program  : secure/master.c
   file     : secure/master/preload.c at line 88


---==[ error occurred at Sun Jul 26 16:03:38 1998 ]==---
player  : no active player [last verb: no verb]
object  : /secure/master
error   : *Wrong permissions for opening file /FR:Illumitech/log/root.log for append.
"No such file or directory"
program : secure/master.c
file    : secure/master/logging.c at line 64
   ------------------------------------
   object   : /secure/master
   function : log_error
   arguments: "/std/living/alignment.c", "/std/living/alignment.c line 107: Warning: Unused local variable 'align' before the end of line
",
   program  : secure/master.c
   file     : secure/master/logging.c at line 64
   ------------------------------------
   object   : /secure/master
   function : CATCH
   program  : secure/master.c
   file     : secure/master/preload.c at line 88
   ------------------------------------
   object   : /secure/master
   function : preload
   arguments: "/global/player",
   program  : secure/master.c
   file     : secure/master/preload.c at line 88


---==[ error occurred at Sun Jul 26 16:03:38 1998 ]==---
player  : no active player [last verb: no verb]
object  : /secure/master
error   : *Wrong permissions for opening file /FR:Illumitech/log/root.log for append.
"No such file or directory"
program : secure/master.c
file    : secure/master/logging.c at line 64
   ------------------------------------
   object   : /secure/master
   function : log_error
   arguments: "/std/living/curses.c", "/std/living/curses.c line 106: Warning: Unused local variable 'i' before the end of line
",
   program  : secure/master.c
   file     : secure/master/logging.c at line 64
   ------------------------------------
   object   : /secure/master
   function : CATCH
   program  : secure/master.c
   file     : secure/master/preload.c at line 88
   ------------------------------------
   object   : /secure/master
   function : preload
   arguments: "/global/player",
   program  : secure/master.c
   file     : secure/master/preload.c at line 88


---==[ error occurred at Sun Jul 26 16:03:38 1998 ]==---
player  : no active player [last verb: no verb]
object  : /secure/master
error   : *Wrong permissions for opening file /FR:Illumitech/log/root.log for append.
"No such file or directory"
program : secure/master.c
file    : secure/master/logging.c at line 64
   ------------------------------------
   object   : /secure/master
   function : log_error
   arguments: "/std/living/death.c", "/std/living/death.c line 137: Warning: Unused local variable 'aln' before the end of line
",
   program  : secure/master.c
   file     : secure/master/logging.c at line 64
   ------------------------------------
   object   : /secure/master
   function : CATCH
   program  : secure/master.c
   file     : secure/master/preload.c at line 88
   ------------------------------------
   object   : /secure/master
   function : preload
   arguments: "/global/player",
   program  : secure/master.c
   file     : secure/master/preload.c at line 88


---==[ error occurred at Sun Jul 26 16:03:38 1998 ]==---
player  : no active player [last verb: no verb]
object  : /secure/master
error   : *Wrong permissions for opening file /FR:Illumitech/log/root.log for append.
"No such file or directory"
program : secure/master.c
file    : secure/master/logging.c at line 64
   ------------------------------------
   object   : /secure/master
   function : log_error
   arguments: "/std/living/death.c", "/std/living/death.c line 243: Warning: Unused local variable 'money' before  /* Make corpse */
",
   program  : secure/master.c
   file     : secure/master/logging.c at line 64
   ------------------------------------
   object   : /secure/master
   function : CATCH
   program  : secure/master.c
   file     : secure/master/preload.c at line 88
   ------------------------------------
   object   : /secure/master
   function : preload
   arguments: "/global/player",
   program  : secure/master.c
   file     : secure/master/preload.c at line 88


---==[ error occurred at Sun Jul 26 16:03:38 1998 ]==---
player  : no active player [last verb: no verb]
object  : /secure/master
error   : *Wrong permissions for opening file /FR:Illumitech/log/root.log for append.
"No such file or directory"
program : secure/master.c
file    : secure/master/logging.c at line 64
   ------------------------------------
   object   : /secure/master
   function : log_error
   arguments: "/std/living/death.c", "/std/living/death.c line 243: Warning: Unused local variable 'obs' before  /* Make corpse */
",
   program  : secure/master.c
   file     : secure/master/logging.c at line 64
   ------------------------------------
   object   : /secure/master
   function : CATCH
   program  : secure/master.c
   file     : secure/master/preload.c at line 88
   ------------------------------------
   object   : /secure/master
   function : preload
   arguments: "/global/player",
   program  : secure/master.c
   file     : secure/master/preload.c at line 88


---==[ error occurred at Sun Jul 26 16:03:38 1998 ]==---
player  : no active player [last verb: no verb]
object  : /secure/master
error   : *Wrong permissions for opening file /FR:Illumitech/log/root.log for append.
"No such file or directory"
program : secure/master.c
file    : secure/master/logging.c at line 64
   ------------------------------------
   object   : /secure/master
   function : log_error
   arguments: "/std/living/death.c", "/std/living/death.c line 243: Warning: Unused local variable 'ob' before  /* Make corpse */
",
   program  : secure/master.c
   file     : secure/master/logging.c at line 64
   ------------------------------------
   object   : /secure/master
   function : CATCH
   program  : secure/master.c
   file     : secure/master/preload.c at line 88
   ------------------------------------
   object   : /secure/master
   function : preload
   arguments: "/global/player",
   program  : secure/master.c
   file     : secure/master/preload.c at line 88


---==[ error occurred at Sun Jul 26 16:03:38 1998 ]==---
player  : no active player [last verb: no verb]
object  : /secure/master
error   : *Wrong permissions for opening file /FR:Illumitech/log/root.log for append.
"No such file or directory"
program : secure/master.c
file    : secure/master/logging.c at line 64
   ------------------------------------
   object   : /secure/master
   function : log_error
   arguments: "/std/skills.c", "/std/skills.c line 91: Warning: Unused local variable 'j' before the end of line
",
   program  : secure/master.c
   file     : secure/master/logging.c at line 64
   ------------------------------------
   object   : /secure/master
   function : CATCH
   program  : secure/master.c
   file     : secure/master/preload.c at line 88
   ------------------------------------
   object   : /secure/master
   function : preload
   arguments: "/global/player",
   program  : secure/master.c
   file     : secure/master/preload.c at line 88


---==[ error occurred at Sun Jul 26 16:03:38 1998 ]==---
player  : no active player [last verb: no verb]
object  : /secure/master
error   : *Wrong permissions for opening file /FR:Illumitech/log/root.log for append.
"No such file or directory"
program : secure/master.c
file    : secure/master/logging.c at line 64
   ------------------------------------
   object   : /secure/master
   function : log_error
   arguments: "/std/skills.c", "/std/skills.c line 107: Warning: Unused local variable 'i' before the end of line
",
   program  : secure/master.c
   file     : secure/master/logging.c at line 64
   ------------------------------------
   object   : /secure/master
   function : CATCH
   program  : secure/master.c
   file     : secure/master/preload.c at line 88
   ------------------------------------
   object   : /secure/master
   function : preload
   arguments: "/global/player",
   program  : secure/master.c
   file     : secure/master/preload.c at line 88


---==[ error occurred at Sun Jul 26 16:03:38 1998 ]==---
player  : no active player [last verb: no verb]
object  : /secure/master
error   : *Wrong permissions for opening file /FR:Illumitech/log/root.log for append.
"No such file or directory"
program : secure/master.c
file    : secure/master/logging.c at line 64
   ------------------------------------
   object   : /secure/master
   function : log_error
   arguments: "/std/skills.c", "/std/skills.c line 201: Warning: Unused local variable 's2' before the end of line
",
   program  : secure/master.c
   file     : secure/master/logging.c at line 64
   ------------------------------------
   object   : /secure/master
   function : CATCH
   program  : secure/master.c
   file     : secure/master/preload.c at line 88
   ------------------------------------
   object   : /secure/master
   function : preload
   arguments: "/global/player",
   program  : secure/master.c
   file     : secure/master/preload.c at line 88


---==[ error occurred at Sun Jul 26 16:03:38 1998 ]==---
player  : no active player [last verb: no verb]
object  : /secure/master
error   : *Wrong permissions for opening file /FR:Illumitech/log/root.log for append.
"No such file or directory"
program : secure/master.c
file    : secure/master/logging.c at line 64
   ------------------------------------
   object   : /secure/master
   function : log_error
   arguments: "/std/living/skills.c", "/std/living/skills.c line 401: Warning: Unused local variable 'lvl' before  /* do_learn() */
",
   program  : secure/master.c
   file     : secure/master/logging.c at line 64
   ------------------------------------
   object   : /secure/master
   function : CATCH
   program  : secure/master.c
   file     : secure/master/preload.c at line 88
   ------------------------------------
   object   : /secure/master
   function : preload
   arguments: "/global/player",
   program  : secure/master.c
   file     : secure/master/preload.c at line 88


---==[ error occurred at Sun Jul 26 16:03:38 1998 ]==---
player  : no active player [last verb: no verb]
object  : /secure/master
error   : *Wrong permissions for opening file /FR:Illumitech/log/root.log for append.
"No such file or directory"
program : secure/master.c
file    : secure/master/logging.c at line 64
   ------------------------------------
   object   : /secure/master
   function : log_error
   arguments: "/std/living/spells.c", "/std/living/spells.c line 59: Warning: Unused local variable 'j' before  /* query_spell_effe
",
   program  : secure/master.c
   file     : secure/master/logging.c at line 64
   ------------------------------------
   object   : /secure/master
   function : CATCH
   program  : secure/master.c
   file     : secure/master/preload.c at line 88
   ------------------------------------
   object   : /secure/master
   function : preload
   arguments: "/global/player",
   program  : secure/master.c
   file     : secure/master/preload.c at line 88


---==[ error occurred at Sun Jul 26 16:03:38 1998 ]==---
player  : no active player [last verb: no verb]
object  : /secure/master
error   : *Wrong permissions for opening file /FR:Illumitech/log/root.log for append.
"No such file or directory"
program : secure/master.c
file    : secure/master/logging.c at line 64
   ------------------------------------
   object   : /secure/master
   function : log_error
   arguments: "/std/living/wear.c", "/std/living/wear.c line 193: Warning: Unused local variable 'occupied' before  /* wear_ob */
",
   program  : secure/master.c
   file     : secure/master/logging.c at line 64
   ------------------------------------
   object   : /secure/master
   function : CATCH
   program  : secure/master.c
   file     : secure/master/preload.c at line 88
   ------------------------------------
   object   : /secure/master
   function : preload
   arguments: "/global/player",
   program  : secure/master.c
   file     : secure/master/preload.c at line 88


---==[ error occurred at Sun Jul 26 16:03:38 1998 ]==---
player  : no active player [last verb: no verb]
object  : /secure/master
error   : *Wrong permissions for opening file /FR:Illumitech/log/root.log for append.
"No such file or directory"
program : secure/master.c
file    : secure/master/logging.c at line 64
   ------------------------------------
   object   : /secure/master
   function : log_error
   arguments: "/std/living/combat.c", "/std/living/combat.c line 227: Warning: Unused local variable 'obs' before the end of line
",
   program  : secure/master.c
   file     : secure/master/logging.c at line 64
   ------------------------------------
   object   : /secure/master
   function : CATCH
   program  : secure/master.c
   file     : secure/master/preload.c at line 88
   ------------------------------------
   object   : /secure/master
   function : preload
   arguments: "/global/player",
   program  : secure/master.c
   file     : secure/master/preload.c at line 88


---==[ error occurred at Sun Jul 26 16:03:38 1998 ]==---
player  : no active player [last verb: no verb]
object  : /secure/master
error   : *Wrong permissions for opening file /FR:Illumitech/log/root.log for append.
"No such file or directory"
program : secure/master.c
file    : secure/master/logging.c at line 64
   ------------------------------------
   object   : /secure/master
   function : log_error
   arguments: "/std/living/equip.c", "/std/living/equip.c line 187: Warning: Unused local variable 'size' before the end of line
",
   program  : secure/master.c
   file     : secure/master/logging.c at line 64
   ------------------------------------
   object   : /secure/master
   function : CATCH
   program  : secure/master.c
   file     : secure/master/preload.c at line 88
   ------------------------------------
   object   : /secure/master
   function : preload
   arguments: "/global/player",
   program  : secure/master.c
   file     : secure/master/preload.c at line 88


---==[ error occurred at Sun Jul 26 16:03:38 1998 ]==---
player  : no active player [last verb: no verb]
object  : /secure/master
error   : *Wrong permissions for opening file /FR:Illumitech/log/root.log for append.
"No such file or directory"
program : secure/master.c
file    : secure/master/logging.c at line 64
   ------------------------------------
   object   : /secure/master
   function : log_error
   arguments: "/std/living/stats.c", "/std/living/stats.c line 682: Warning: Unused local variable 'guild_ob' before the end of line
",
   program  : secure/master.c
   file     : secure/master/logging.c at line 64
   ------------------------------------
   object   : /secure/master
   function : CATCH
   program  : secure/master.c
   file     : secure/master/preload.c at line 88
   ------------------------------------
   object   : /secure/master
   function : preload
   arguments: "/global/player",
   program  : secure/master.c
   file     : secure/master/preload.c at line 88


---==[ error occurred at Sun Jul 26 16:03:38 1998 ]==---
player  : no active player [last verb: no verb]
object  : /secure/master
error   : *Wrong permissions for opening file /FR:Illumitech/log/root.log for append.
"No such file or directory"
program : secure/master.c
file    : secure/master/logging.c at line 64
   ------------------------------------
   object   : /secure/master
   function : log_error
   arguments: "/global/virtual/server.c", "/global/virtual/server.c line 100: Warning: Unused local variable 'i' before     
",
   program  : secure/master.c
   file     : secure/master/logging.c at line 64
   ------------------------------------
   object   : /global/virtual/compiler
   function : initialize_methods
   program  : global/virtual/compiler.c
   file     : global/virtual/compiler.c at line 29
   ------------------------------------
   object   : /global/virtual/compiler
   function : create
   program  : global/virtual/compiler.c
   file     : global/virtual/compiler.c at line 16
   ------------------------------------
   object   : /secure/master
   function : CATCH
   program  : secure/master.c
   file     : secure/master/preload.c at line 88
   ------------------------------------
   object   : /secure/master
   function : preload
   arguments: "/global/virtual/compiler",
   program  : secure/master.c
   file     : secure/master/preload.c at line 88


---==[ error occurred at Sun Jul 26 16:03:38 1998 ]==---
player  : no active player [last verb: no verb]
object  : /secure/master
error   : *Wrong permissions for opening file /FR:Illumitech/log/root.log for append.
"No such file or directory"
program : secure/master.c
file    : secure/master/logging.c at line 64
   ------------------------------------
   object   : /secure/master
   function : log_error
   arguments: "/secure/crerem/remote.h", "/secure/crerem/remote.h line 5: parse error before  create();
",
   program  : secure/master.c
   file     : secure/master/logging.c at line 64
   ------------------------------------
   object   : /secure/master
   function : CATCH
   program  : secure/master.c
   file     : secure/master/preload.c at line 88
   ------------------------------------
   object   : /secure/master
   function : preload
   arguments: "/secure/crerem/remote",
   program  : secure/master.c
   file     : secure/master/preload.c at line 88


---==[ error occurred at Sun Jul 26 16:03:38 1998 ]==---
player  : no active player [last verb: no verb]
object  : /secure/master
error   : *Wrong permissions for opening file /FR:Illumitech/log/root.log for append.
"No such file or directory"
program : secure/master.c
file    : secure/master/logging.c at line 64
   ------------------------------------
   object   : /secure/master
   function : log_error
   arguments: "/secure/ftpd.c", "/secure/ftpd.c line 641: Warning: Value of conditional expression is unused before  = explode(str, " ")
",
   program  : secure/master.c
   file     : secure/master/logging.c at line 64
   ------------------------------------
   object   : /secure/master
   function : CATCH
   program  : secure/master.c
   file     : secure/master/preload.c at line 88
   ------------------------------------
   object   : /secure/master
   function : preload
   arguments: "/secure/ftpd",
   program  : secure/master.c
   file     : secure/master/preload.c at line 88


---==[ error occurred at Sun Jul 26 16:03:38 1998 ]==---
player  : no active player [last verb: no verb]
object  : /secure/master
error   : *Wrong permissions for opening file /FR:Illumitech/log/root.log for append.
"No such file or directory"
program : secure/master.c
file    : secure/master/logging.c at line 64
   ------------------------------------
   object   : /secure/master
   function : log_error
   arguments: "/secure/ftpd.c", "/secure/ftpd.c line 1486: Warning: Unused local variable 'i' before  /* do_update() */ 
",
   program  : secure/master.c
   file     : secure/master/logging.c at line 64
   ------------------------------------
   object   : /secure/master
   function : CATCH
   program  : secure/master.c
   file     : secure/master/preload.c at line 88
   ------------------------------------
   object   : /secure/master
   function : preload
   arguments: "/secure/ftpd",
   program  : secure/master.c
   file     : secure/master/preload.c at line 88


---==[ error occurred at Sun Jul 26 16:03:40 1998 ]==---
player  : no active player [last verb: no verb]
object  : /secure/master
error   : *Wrong permissions for opening file /FR:Illumitech/log/root.log for append.
"No such file or directory"
program : secure/master.c
file    : secure/master/logging.c at line 64
   ------------------------------------
   object   : /secure/master
   function : log_error
   arguments: "/net/intermud3/client.c", "/net/intermud3/client.c line 97: Warning: Unused local variable 'x' before the end of line
",
   program  : secure/master.c
   file     : secure/master/logging.c at line 64
   ------------------------------------
   object   : /secure/master
   function : CATCH
   program  : secure/master.c
   file     : secure/master/preload.c at line 88
   ------------------------------------
   object   : /secure/master
   function : preload
   arguments: "/net/intermud3/intermud.c",
   program  : secure/master.c
   file     : secure/master/preload.c at line 88


---==[ error occurred at Sun Jul 26 16:03:40 1998 ]==---
player  : no active player [last verb: no verb]
object  : /secure/master
error   : *Wrong permissions for opening file /FR:Illumitech/log/root.log for append.
"No such file or directory"
program : secure/master.c
file    : secure/master/logging.c at line 64
   ------------------------------------
   object   : /secure/master
   function : log_error
   arguments: "/include/network.h", "/include/network.h line 6: Warning: redefinition of #define MUD
 before #define STREAM      
",
   program  : secure/master.c
   file     : secure/master/logging.c at line 64
   ------------------------------------
   object   : /secure/master
   function : CATCH
   program  : secure/master.c
   file     : secure/master/preload.c at line 88
   ------------------------------------
   object   : /secure/master
   function : preload
   arguments: "/net/who_server.c",
   program  : secure/master.c
   file     : secure/master/preload.c at line 88


---==[ error occurred at Sun Jul 26 16:03:40 1998 ]==---
player  : no active player [last verb: no verb]
object  : /secure/master
error   : *Wrong permissions for opening file /FR:Illumitech/log/root.log for append.
"No such file or directory"
program : secure/master.c
file    : secure/master/logging.c at line 64
   ------------------------------------
   object   : /secure/master
   function : log_error
   arguments: "/include/network.h", "/include/network.h line 7: Warning: redefinition of #define STREAM
 before #define DATAGRAM    
",
   program  : secure/master.c
   file     : secure/master/logging.c at line 64
   ------------------------------------
   object   : /secure/master
   function : CATCH
   program  : secure/master.c
   file     : secure/master/preload.c at line 88
   ------------------------------------
   object   : /secure/master
   function : preload
   arguments: "/net/who_server.c",
   program  : secure/master.c
   file     : secure/master/preload.c at line 88


---==[ error occurred at Sun Jul 26 16:03:40 1998 ]==---
player  : no active player [last verb: no verb]
object  : /secure/master
error   : *Wrong permissions for opening file /FR:Illumitech/log/root.log for append.
"No such file or directory"
program : secure/master.c
file    : secure/master/logging.c at line 64
   ------------------------------------
   object   : /secure/master
   function : log_error
   arguments: "/include/network.h", "/include/network.h line 8: Warning: redefinition of #define DATAGRAM
 before #define STREAM_BINAR
",
   program  : secure/master.c
   file     : secure/master/logging.c at line 64
   ------------------------------------
   object   : /secure/master
   function : CATCH
   program  : secure/master.c
   file     : secure/master/preload.c at line 88
   ------------------------------------
   object   : /secure/master
   function : preload
   arguments: "/net/who_server.c",
   program  : secure/master.c
   file     : secure/master/preload.c at line 88


---==[ error occurred at Sun Jul 26 16:03:40 1998 ]==---
player  : no active player [last verb: no verb]
object  : /secure/master
error   : *Wrong permissions for opening file /FR:Illumitech/log/root.log for append.
"No such file or directory"
program : secure/master.c
file    : secure/master/logging.c at line 64
   ------------------------------------
   object   : /secure/master
   function : log_error
   arguments: "/include/network.h", "/include/network.h line 9: Warning: redefinition of #define STREAM_BINARY
 before #define DATAGRAM_BIN
",
   program  : secure/master.c
   file     : secure/master/logging.c at line 64
   ------------------------------------
   object   : /secure/master
   function : CATCH
   program  : secure/master.c
   file     : secure/master/preload.c at line 88
   ------------------------------------
   object   : /secure/master
   function : preload
   arguments: "/net/who_server.c",
   program  : secure/master.c
   file     : secure/master/preload.c at line 88


---==[ error occurred at Sun Jul 26 16:03:40 1998 ]==---
player  : no active player [last verb: no verb]
object  : /secure/master
error   : *Wrong permissions for opening file /FR:Illumitech/log/root.log for append.
"No such file or directory"
program : secure/master.c
file    : secure/master/logging.c at line 64
   ------------------------------------
   object   : /secure/master
   function : log_error
   arguments: "/include/network.h", "/include/network.h line 10: Warning: redefinition of #define DATAGRAM_BINARY
 before the end of line
",
   program  : secure/master.c
   file     : secure/master/logging.c at line 64
   ------------------------------------
   object   : /secure/master
   function : CATCH
   program  : secure/master.c
   file     : secure/master/preload.c at line 88
   ------------------------------------
   object   : /secure/master
   function : preload
   arguments: "/net/who_server.c",
   program  : secure/master.c
   file     : secure/master/preload.c at line 88


---==[ error occurred at Sun Jul 26 16:03:40 1998 ]==---
player  : no active player [last verb: no verb]
object  : /secure/master
error   : *Wrong permissions for opening file /FR:Illumitech/log/root.log for append.
"No such file or directory"
program : secure/master.c
file    : secure/master/logging.c at line 64
   ------------------------------------
   object   : /secure/master
   function : log_error
   arguments: "/net/who_server.c", "/net/who_server.c line 178: Warning: Unused local variable 'players' before the end of line
",
   program  : secure/master.c
   file     : secure/master/logging.c at line 64
   ------------------------------------
   object   : /secure/master
   function : CATCH
   program  : secure/master.c
   file     : secure/master/preload.c at line 88
   ------------------------------------
   object   : /secure/master
   function : preload
   arguments: "/net/who_server.c",
   program  : secure/master.c
   file     : secure/master/preload.c at line 88


---==[ error occurred at Sun Jul 26 16:05:10 1998 ]==---
player  : baldrick [last verb: no verb]
object  : /secure/master
error   : *Wrong permissions for opening file /FR:Illumitech/log/root.log for append.
"No such file or directory"
program : secure/master.c
file    : secure/master/logging.c at line 64
   ------------------------------------
   object   : /secure/master
   function : log_error
   arguments: "/obj/handlers/postal_d.c", "/obj/handlers/postal_d.c line 170: Warning: Unused local variable 'tmp' before the end of line
",
   program  : secure/master.c
   file     : secure/master/logging.c at line 64
   ------------------------------------
   object   : /secure/bastards
   function : query_player_ob
   arguments: "baldrick", 0,
   program  : secure/bastards.c
   file     : secure/bastards.c at line 115
   ------------------------------------
   object   : /secure/login#1
   function : logon1
   arguments: "baldrick",
   program  : secure/login.c
   file     : secure/login.c at line 215


---==[ error occurred at Sun Jul 26 16:05:10 1998 ]==---
player  : baldrick [last verb: no verb]
object  : /secure/master
error   : *Wrong permissions for opening file /FR:Illumitech/log/root.log for append.
"No such file or directory"
program : secure/master.c
file    : secure/master/logging.c at line 64
   ------------------------------------
   object   : /secure/master
   function : log_error
   arguments: "/obj/handlers/postal_d.c", "/obj/handlers/postal_d.c line 170: Warning: Unused local variable 'max' before the end of line
",
   program  : secure/master.c
   file     : secure/master/logging.c at line 64
   ------------------------------------
   object   : /secure/bastards
   function : query_player_ob
   arguments: "baldrick", 0,
   program  : secure/bastards.c
   file     : secure/bastards.c at line 115
   ------------------------------------
   object   : /secure/login#1
   function : logon1
   arguments: "baldrick",
   program  : secure/login.c
   file     : secure/login.c at line 215


---==[ error occurred at Sun Jul 26 16:05:10 1998 ]==---
player  : baldrick [last verb: no verb]
object  : /secure/master
error   : *Wrong permissions for opening file /FR:Illumitech/log/root.log for append.
"No such file or directory"
program : secure/master.c
file    : secure/master/logging.c at line 64
   ------------------------------------
   object   : /secure/master
   function : log_error
   arguments: "/obj/handlers/money_handler.c", "/obj/handlers/money_handler.c line 72: Warning: Unused local variable 'n' before the end of line
",
   program  : secure/master.c
   file     : secure/master/logging.c at line 64
   ------------------------------------
   object   : /obj/money#4
   function : query_value
   program  : obj/money.c
   file     : obj/money.c at line 434
   ------------------------------------
   object   : /obj/money#4
   function : CATCH
   program  : obj/money.c
   file     : obj/money.c at line 260
   ------------------------------------
   object   : /obj/money#4
   function : move
   arguments: /global/god#3, 0, 0,
   program  : obj/money.c
   file     : obj/money.c at line 260
   ------------------------------------
   object   : /global/god#3
   function : setup_money
   program  : global/player.c
   file     : global/player.c at line 431
   ------------------------------------
   object   : /global/god#3
   function : start_player
   program  : global/player.c
   file     : global/player.c at line 409
   ------------------------------------
   object   : /global/god#3
   function : move_player_to_start
   arguments: "baldrick", 0, -1,
   program  : global/player.c
   file     : global/player.c at line 283
   ------------------------------------
   object   : /global/god#3
   function : move_player_to_start
   arguments: "baldrick", 0, -1,
   program  : global/lord.c
   file     : global/lord.c at line 25
   ------------------------------------
   object   : /secure/login#1
   function : begin2
   arguments: 0,
   program  : secure/login.c
   file     : secure/login.c at line 496
   ------------------------------------
   object   : /secure/login#1
   function : begin
   arguments: 0,
   program  : secure/login.c
   file     : secure/login.c at line 460
   ------------------------------------
   object   : /secure/login#1
   function : logon4
   arguments: 0,
   program  : secure/login.c
   file     : secure/login.c at line 365
   ------------------------------------
   object   : /secure/login#1
   function : logon3
   program  : secure/login.c
   file     : secure/login.c at line 329
   ------------------------------------
   object   : /secure/login#1
   function : logon2
   arguments: "MbB1M5iqlfbYQ",
   program  : secure/login.c
   file     : secure/login.c at line 320


---==[ error occurred at Sun Jul 26 16:05:10 1998 ]==---
player  : baldrick [last verb: no verb]
object  : /secure/master
error   : *Wrong permissions for opening file /FR:Illumitech/log/root.log for append.
"No such file or directory"
program : secure/master.c
file    : secure/master/logging.c at line 64
   ------------------------------------
   object   : /secure/master
   function : log_error
   arguments: "/secure/dom/domain.c", "/secure/dom/domain.c line 183: Warning: Unused local variable 'i' before  /* remove_member() 
",
   program  : secure/master.c
   file     : secure/master/logging.c at line 64
   ------------------------------------
   object   : /secure/master
   function : creator_file
   arguments: "/d/heaven/heaven/boardoffice", 1,
   program  : secure/master.c
   file     : secure/master/creator_file.c at line 37
   ------------------------------------
   object   : /secure/master
   function : author_file
   arguments: "/d/heaven/heaven/boardoffice",
   program  : secure/master.c
   file     : secure/master/creator_file.c at line 49
   ------------------------------------
   object   : /obj/handlers/room_handler
   function : CATCH
   program  : obj/handlers/room_handler.c
   file     : obj/handlers/room_handler.c at line 68
   ------------------------------------
   object   : /obj/handlers/room_handler
   function : check_door
   arguments: ({ /* sizeof() == 3 */
  /std/room/exit_handler,
  "boardoffice",
  "/d/heaven/heaven/boardoffice"
}),
   program  : obj/handlers/room_handler.c
   file     : obj/handlers/room_handler.c at line 68


---==[ error occurred at Wed Aug 19 23:55:56 1998 ]==---
player  : khorne [last verb: bug]
object  : /secure/master
error   : *Wrong permissions for opening file /w/ducky/BUGS for append.
"No such file or directory"
program : secure/master.c
file    : secure/master/logging.c at line 74
   ------------------------------------
   object   : /secure/master
   function : do_log
   arguments: "ducky", "room/post
",
   program  : secure/master.c
   file     : secure/master/logging.c at line 74
   ------------------------------------
   object   : /global/player#45
   function : smart_log
   arguments: "BUG", "/room/post
Wed Aug 19 23:55:56 1998 khorne
got Debug: A dead carrier pigeon and something about get_text

",
   program  : std/smart_log.c
   file     : std/smart_log.c at line 38
   ------------------------------------
   object   : /global/player#45
   function : log_bug
   arguments: "got Debug: A dead carrier pigeon and something about get_text",
   program  : global/log.c
   file     : global/log.c at line 47
   ------------------------------------
   object   : /global/player#45
   function : aq_add
   arguments: "bug got Debug: A dead carrier pigeon and something about get_text",
   program  : std/living/action_queue.c
   file     : std/living/action_queue.c at line 288
   ------------------------------------
   object   : /global/player#45
   function : action_check
   arguments: "bug got Debug: A dead carrier pigeon and something about get_text",
   program  : std/living/action_queue.c
   file     : std/living/action_queue.c at line 616
   ------------------------------------
   object   : /global/player#45
   function : process_input
   arguments: "bug got Debug: A dead carrier pigeon and something about get_text",
   program  : global/player.c
   file     : global/process_input.c at line 94


